{"/Users/erz/test/kobold-core/index.js":{"path":"/Users/erz/test/kobold-core/index.js","s":{"1":1,"2":1,"3":1,"4":1,"5":1,"6":1,"7":0,"8":0,"9":0,"10":0,"11":0,"12":0,"13":0,"14":0,"15":0,"16":0,"17":0,"18":0,"19":1},"b":{"1":[0,0],"2":[0,0],"3":[0,0],"4":[0,0]},"f":{"1":0,"2":0},"fnMap":{"1":{"name":"(anonymous_1)","line":48,"loc":{"start":{"line":48,"column":22},"end":{"line":48,"column":47}}},"2":{"name":"(anonymous_2)","line":92,"loc":{"start":{"line":92,"column":25},"end":{"line":92,"column":43}}}},"statementMap":{"1":{"start":{"line":4,"column":0},"end":{"line":4,"column":77}},"2":{"start":{"line":5,"column":0},"end":{"line":5,"column":85}},"3":{"start":{"line":7,"column":0},"end":{"line":7,"column":68}},"4":{"start":{"line":8,"column":0},"end":{"line":8,"column":76}},"5":{"start":{"line":9,"column":0},"end":{"line":9,"column":84}},"6":{"start":{"line":16,"column":0},"end":{"line":113,"column":2}},"7":{"start":{"line":49,"column":2},"end":{"line":51,"column":16}},"8":{"start":{"line":53,"column":2},"end":{"line":61,"column":3}},"9":{"start":{"line":54,"column":3},"end":{"line":54,"column":45}},"10":{"start":{"line":55,"column":3},"end":{"line":57,"column":4}},"11":{"start":{"line":56,"column":4},"end":{"line":56,"column":80}},"12":{"start":{"line":58,"column":3},"end":{"line":58,"column":50}},"13":{"start":{"line":60,"column":3},"end":{"line":60,"column":15}},"14":{"start":{"line":93,"column":2},"end":{"line":95,"column":16}},"15":{"start":{"line":97,"column":2},"end":{"line":102,"column":3}},"16":{"start":{"line":98,"column":3},"end":{"line":98,"column":48}},"17":{"start":{"line":99,"column":3},"end":{"line":99,"column":43}},"18":{"start":{"line":101,"column":3},"end":{"line":101,"column":15}},"19":{"start":{"line":114,"column":0},"end":{"line":114,"column":22}}},"branchMap":{"1":{"line":50,"type":"binary-expr","locations":[{"start":{"line":50,"column":20},"end":{"line":50,"column":34}},{"start":{"line":50,"column":38},"end":{"line":50,"column":40}}]},"2":{"line":53,"type":"if","locations":[{"start":{"line":53,"column":2},"end":{"line":53,"column":2}},{"start":{"line":53,"column":2},"end":{"line":53,"column":2}}]},"3":{"line":55,"type":"if","locations":[{"start":{"line":55,"column":3},"end":{"line":55,"column":3}},{"start":{"line":55,"column":3},"end":{"line":55,"column":3}}]},"4":{"line":97,"type":"if","locations":[{"start":{"line":97,"column":2},"end":{"line":97,"column":2}},{"start":{"line":97,"column":2},"end":{"line":97,"column":2}}]}}},"/Users/erz/test/kobold-core/lib/connectionAdapter/connectionAdapter.js":{"path":"/Users/erz/test/kobold-core/lib/connectionAdapter/connectionAdapter.js","s":{"1":1,"2":1,"3":1,"4":1,"5":30,"6":30,"7":30,"8":30,"9":0,"10":0,"11":0,"12":0,"13":0,"14":0,"15":32,"16":35,"17":0,"18":0,"19":0,"20":0,"21":0,"22":0,"23":0,"24":0,"25":0,"26":0,"27":1},"b":{"1":[30,29],"2":[0,0]},"f":{"1":30,"2":30,"3":0,"4":0,"5":0,"6":32,"7":35,"8":0,"9":0,"10":0,"11":0,"12":0,"13":0,"14":0,"15":0,"16":0,"17":0},"fnMap":{"1":{"name":"(anonymous_1)","line":25,"loc":{"start":{"line":25,"column":1},"end":{"line":25,"column":20}}},"2":{"name":"(anonymous_2)","line":41,"loc":{"start":{"line":41,"column":14},"end":{"line":41,"column":26}}},"3":{"name":"(anonymous_3)","line":58,"loc":{"start":{"line":58,"column":12},"end":{"line":58,"column":31}}},"4":{"name":"(anonymous_4)","line":59,"loc":{"start":{"line":59,"column":22},"end":{"line":59,"column":49}}},"5":{"name":"(anonymous_5)","line":60,"loc":{"start":{"line":60,"column":21},"end":{"line":60,"column":52}}},"6":{"name":"(anonymous_6)","line":78,"loc":{"start":{"line":78,"column":14},"end":{"line":78,"column":26}}},"7":{"name":"(anonymous_7)","line":88,"loc":{"start":{"line":88,"column":14},"end":{"line":88,"column":33}}},"8":{"name":"(anonymous_8)","line":100,"loc":{"start":{"line":100,"column":14},"end":{"line":100,"column":34}}},"9":{"name":"(anonymous_9)","line":112,"loc":{"start":{"line":112,"column":13},"end":{"line":112,"column":41}}},"10":{"name":"(anonymous_10)","line":124,"loc":{"start":{"line":124,"column":17},"end":{"line":124,"column":45}}},"11":{"name":"(anonymous_11)","line":137,"loc":{"start":{"line":137,"column":16},"end":{"line":137,"column":49}}},"12":{"name":"(anonymous_12)","line":149,"loc":{"start":{"line":149,"column":13},"end":{"line":149,"column":36}}},"13":{"name":"(anonymous_13)","line":161,"loc":{"start":{"line":161,"column":19},"end":{"line":161,"column":42}}},"14":{"name":"(anonymous_14)","line":176,"loc":{"start":{"line":176,"column":13},"end":{"line":176,"column":52}}},"15":{"name":"(anonymous_15)","line":189,"loc":{"start":{"line":189,"column":21},"end":{"line":189,"column":50}}},"16":{"name":"(anonymous_16)","line":202,"loc":{"start":{"line":202,"column":16},"end":{"line":202,"column":39}}},"17":{"name":"(anonymous_17)","line":213,"loc":{"start":{"line":213,"column":20},"end":{"line":213,"column":38}}}},"statementMap":{"1":{"start":{"line":4,"column":0},"end":{"line":4,"column":42}},"2":{"start":{"line":5,"column":0},"end":{"line":5,"column":33}},"3":{"start":{"line":6,"column":0},"end":{"line":6,"column":33}},"4":{"start":{"line":13,"column":0},"end":{"line":226,"column":4}},"5":{"start":{"line":26,"column":2},"end":{"line":26,"column":17}},"6":{"start":{"line":28,"column":2},"end":{"line":28,"column":32}},"7":{"start":{"line":29,"column":2},"end":{"line":29,"column":37}},"8":{"start":{"line":31,"column":2},"end":{"line":31,"column":20}},"9":{"start":{"line":59,"column":3},"end":{"line":68,"column":6}},"10":{"start":{"line":60,"column":4},"end":{"line":67,"column":7}},"11":{"start":{"line":61,"column":5},"end":{"line":66,"column":6}},"12":{"start":{"line":62,"column":6},"end":{"line":62,"column":18}},"13":{"start":{"line":64,"column":6},"end":{"line":64,"column":27}},"14":{"start":{"line":65,"column":6},"end":{"line":65,"column":24}},"15":{"start":{"line":79,"column":3},"end":{"line":79,"column":24}},"16":{"start":{"line":89,"column":3},"end":{"line":89,"column":27}},"17":{"start":{"line":101,"column":3},"end":{"line":101,"column":67}},"18":{"start":{"line":113,"column":3},"end":{"line":113,"column":66}},"19":{"start":{"line":125,"column":3},"end":{"line":125,"column":70}},"20":{"start":{"line":138,"column":3},"end":{"line":138,"column":69}},"21":{"start":{"line":150,"column":3},"end":{"line":150,"column":66}},"22":{"start":{"line":162,"column":3},"end":{"line":162,"column":72}},"23":{"start":{"line":177,"column":3},"end":{"line":177,"column":66}},"24":{"start":{"line":190,"column":3},"end":{"line":190,"column":74}},"25":{"start":{"line":203,"column":3},"end":{"line":203,"column":69}},"26":{"start":{"line":214,"column":3},"end":{"line":214,"column":73}},"27":{"start":{"line":228,"column":0},"end":{"line":228,"column":35}}},"branchMap":{"1":{"line":28,"type":"binary-expr","locations":[{"start":{"line":28,"column":18},"end":{"line":28,"column":25}},{"start":{"line":28,"column":29},"end":{"line":28,"column":31}}]},"2":{"line":61,"type":"if","locations":[{"start":{"line":61,"column":5},"end":{"line":61,"column":5}},{"start":{"line":61,"column":5},"end":{"line":61,"column":5}}]}}},"/Users/erz/test/kobold-core/lib/connectionAdapter/riakConnectionAdapter.js":{"path":"/Users/erz/test/kobold-core/lib/connectionAdapter/riakConnectionAdapter.js","s":{"1":1,"2":1,"3":1,"4":30,"5":30,"6":30,"7":30,"8":28,"9":7,"10":7,"11":7,"12":7,"13":3,"14":4,"15":3,"16":3,"17":8,"18":8,"19":8,"20":8,"21":3,"22":5,"23":3,"24":3,"25":4,"26":4,"27":4,"28":1,"29":1,"30":5,"31":5,"32":5,"33":1,"34":3,"35":3,"36":1,"37":1,"38":1,"39":2,"40":2,"41":2,"42":1,"43":1},"b":{"1":[30,29],"2":[30,29],"3":[30,29],"4":[3,4],"5":[3,5],"6":[5,3]},"f":{"1":30,"2":28,"3":7,"4":7,"5":7,"6":7,"7":3,"8":3,"9":8,"10":8,"11":8,"12":8,"13":3,"14":3,"15":4,"16":4,"17":4,"18":1,"19":1,"20":5,"21":5,"22":1,"23":3,"24":3,"25":1,"26":1,"27":2,"28":2},"fnMap":{"1":{"name":"(anonymous_1)","line":30,"loc":{"start":{"line":30,"column":14},"end":{"line":30,"column":26}}},"2":{"name":"(anonymous_2)","line":47,"loc":{"start":{"line":47,"column":19},"end":{"line":47,"column":35}}},"3":{"name":"(anonymous_3)","line":58,"loc":{"start":{"line":58,"column":14},"end":{"line":58,"column":34}}},"4":{"name":"(anonymous_4)","line":59,"loc":{"start":{"line":59,"column":33},"end":{"line":59,"column":45}}},"5":{"name":"(anonymous_5)","line":63,"loc":{"start":{"line":63,"column":12},"end":{"line":63,"column":30}}},"6":{"name":"(anonymous_6)","line":65,"loc":{"start":{"line":65,"column":12},"end":{"line":65,"column":30}}},"7":{"name":"(anonymous_7)","line":83,"loc":{"start":{"line":83,"column":13},"end":{"line":83,"column":41}}},"8":{"name":"(anonymous_8)","line":84,"loc":{"start":{"line":84,"column":41},"end":{"line":84,"column":60}}},"9":{"name":"(anonymous_9)","line":97,"loc":{"start":{"line":97,"column":17},"end":{"line":97,"column":45}}},"10":{"name":"(anonymous_10)","line":98,"loc":{"start":{"line":98,"column":33},"end":{"line":98,"column":45}}},"11":{"name":"(anonymous_11)","line":102,"loc":{"start":{"line":102,"column":12},"end":{"line":102,"column":30}}},"12":{"name":"(anonymous_12)","line":104,"loc":{"start":{"line":104,"column":12},"end":{"line":104,"column":30}}},"13":{"name":"(anonymous_13)","line":123,"loc":{"start":{"line":123,"column":16},"end":{"line":123,"column":49}}},"14":{"name":"(anonymous_14)","line":124,"loc":{"start":{"line":124,"column":52},"end":{"line":124,"column":68}}},"15":{"name":"(anonymous_15)","line":137,"loc":{"start":{"line":137,"column":13},"end":{"line":137,"column":36}}},"16":{"name":"(anonymous_16)","line":138,"loc":{"start":{"line":138,"column":33},"end":{"line":138,"column":45}}},"17":{"name":"(anonymous_17)","line":142,"loc":{"start":{"line":142,"column":12},"end":{"line":142,"column":32}}},"18":{"name":"(anonymous_18)","line":156,"loc":{"start":{"line":156,"column":19},"end":{"line":156,"column":42}}},"19":{"name":"(anonymous_19)","line":157,"loc":{"start":{"line":157,"column":43},"end":{"line":157,"column":61}}},"20":{"name":"(anonymous_20)","line":173,"loc":{"start":{"line":173,"column":13},"end":{"line":173,"column":52}}},"21":{"name":"(anonymous_21)","line":175,"loc":{"start":{"line":175,"column":33},"end":{"line":175,"column":45}}},"22":{"name":"(anonymous_22)","line":196,"loc":{"start":{"line":196,"column":21},"end":{"line":196,"column":50}}},"23":{"name":"(anonymous_23)","line":209,"loc":{"start":{"line":209,"column":16},"end":{"line":209,"column":39}}},"24":{"name":"(anonymous_24)","line":210,"loc":{"start":{"line":210,"column":33},"end":{"line":210,"column":45}}},"25":{"name":"(anonymous_25)","line":225,"loc":{"start":{"line":225,"column":20},"end":{"line":225,"column":38}}},"26":{"name":"(anonymous_26)","line":226,"loc":{"start":{"line":226,"column":42},"end":{"line":226,"column":58}}},"27":{"name":"(anonymous_27)","line":231,"loc":{"start":{"line":231,"column":6},"end":{"line":231,"column":19}}},"28":{"name":"(anonymous_28)","line":232,"loc":{"start":{"line":232,"column":29},"end":{"line":232,"column":41}}}},"statementMap":{"1":{"start":{"line":4,"column":0},"end":{"line":4,"column":33}},"2":{"start":{"line":5,"column":0},"end":{"line":5,"column":55}},"3":{"start":{"line":22,"column":0},"end":{"line":251,"column":4}},"4":{"start":{"line":31,"column":3},"end":{"line":31,"column":18}},"5":{"start":{"line":33,"column":3},"end":{"line":33,"column":49}},"6":{"start":{"line":34,"column":3},"end":{"line":34,"column":50}},"7":{"start":{"line":35,"column":3},"end":{"line":35,"column":43}},"8":{"start":{"line":48,"column":3},"end":{"line":48,"column":70}},"9":{"start":{"line":59,"column":3},"end":{"line":72,"column":17}},"10":{"start":{"line":60,"column":4},"end":{"line":71,"column":7}},"11":{"start":{"line":64,"column":5},"end":{"line":64,"column":47}},"12":{"start":{"line":66,"column":5},"end":{"line":70,"column":6}},"13":{"start":{"line":67,"column":6},"end":{"line":67,"column":37}},"14":{"start":{"line":69,"column":6},"end":{"line":69,"column":20}},"15":{"start":{"line":84,"column":3},"end":{"line":86,"column":6}},"16":{"start":{"line":85,"column":4},"end":{"line":85,"column":44}},"17":{"start":{"line":98,"column":3},"end":{"line":111,"column":17}},"18":{"start":{"line":99,"column":4},"end":{"line":110,"column":7}},"19":{"start":{"line":103,"column":5},"end":{"line":103,"column":44}},"20":{"start":{"line":105,"column":5},"end":{"line":109,"column":6}},"21":{"start":{"line":106,"column":6},"end":{"line":106,"column":37}},"22":{"start":{"line":108,"column":6},"end":{"line":108,"column":20}},"23":{"start":{"line":124,"column":3},"end":{"line":126,"column":6}},"24":{"start":{"line":125,"column":4},"end":{"line":125,"column":38}},"25":{"start":{"line":138,"column":3},"end":{"line":145,"column":17}},"26":{"start":{"line":139,"column":4},"end":{"line":144,"column":7}},"27":{"start":{"line":143,"column":5},"end":{"line":143,"column":26}},"28":{"start":{"line":157,"column":3},"end":{"line":159,"column":6}},"29":{"start":{"line":158,"column":4},"end":{"line":158,"column":30}},"30":{"start":{"line":174,"column":3},"end":{"line":174,"column":53}},"31":{"start":{"line":175,"column":3},"end":{"line":184,"column":17}},"32":{"start":{"line":176,"column":4},"end":{"line":183,"column":7}},"33":{"start":{"line":197,"column":3},"end":{"line":197,"column":80}},"34":{"start":{"line":210,"column":3},"end":{"line":215,"column":17}},"35":{"start":{"line":211,"column":4},"end":{"line":214,"column":7}},"36":{"start":{"line":226,"column":3},"end":{"line":239,"column":17}},"37":{"start":{"line":227,"column":4},"end":{"line":228,"column":33}},"38":{"start":{"line":230,"column":4},"end":{"line":236,"column":5}},"39":{"start":{"line":231,"column":5},"end":{"line":235,"column":22}},"40":{"start":{"line":232,"column":6},"end":{"line":234,"column":20}},"41":{"start":{"line":233,"column":7},"end":{"line":233,"column":49}},"42":{"start":{"line":238,"column":4},"end":{"line":238,"column":19}},"43":{"start":{"line":253,"column":0},"end":{"line":253,"column":39}}},"branchMap":{"1":{"line":33,"type":"binary-expr","locations":[{"start":{"line":33,"column":18},"end":{"line":33,"column":38}},{"start":{"line":33,"column":42},"end":{"line":33,"column":48}}]},"2":{"line":34,"type":"binary-expr","locations":[{"start":{"line":34,"column":16},"end":{"line":34,"column":34}},{"start":{"line":34,"column":38},"end":{"line":34,"column":49}}]},"3":{"line":35,"type":"binary-expr","locations":[{"start":{"line":35,"column":16},"end":{"line":35,"column":34}},{"start":{"line":35,"column":38},"end":{"line":35,"column":42}}]},"4":{"line":66,"type":"if","locations":[{"start":{"line":66,"column":5},"end":{"line":66,"column":5}},{"start":{"line":66,"column":5},"end":{"line":66,"column":5}}]},"5":{"line":105,"type":"if","locations":[{"start":{"line":105,"column":5},"end":{"line":105,"column":5}},{"start":{"line":105,"column":5},"end":{"line":105,"column":5}}]},"6":{"line":174,"type":"binary-expr","locations":[{"start":{"line":174,"column":14},"end":{"line":174,"column":22}},{"start":{"line":174,"column":26},"end":{"line":174,"column":52}}]}}},"/Users/erz/test/kobold-core/lib/storageAdapter/storageAdapter.js":{"path":"/Users/erz/test/kobold-core/lib/storageAdapter/storageAdapter.js","s":{"1":1,"2":1,"3":1,"4":21,"5":21,"6":21,"7":21,"8":21,"9":31,"10":42,"11":2,"12":1,"13":0,"14":0,"15":0,"16":0,"17":0,"18":0,"19":0,"20":0,"21":0,"22":0,"23":0,"24":0,"25":1},"b":{"1":[21,0]},"f":{"1":21,"2":21,"3":31,"4":42,"5":2,"6":1,"7":0,"8":0,"9":0,"10":0,"11":0,"12":0,"13":0,"14":0,"15":0,"16":0,"17":0,"18":0},"fnMap":{"1":{"name":"(anonymous_1)","line":24,"loc":{"start":{"line":24,"column":1},"end":{"line":24,"column":27}}},"2":{"name":"(anonymous_2)","line":41,"loc":{"start":{"line":41,"column":14},"end":{"line":41,"column":26}}},"3":{"name":"(anonymous_3)","line":51,"loc":{"start":{"line":51,"column":14},"end":{"line":51,"column":26}}},"4":{"name":"(anonymous_4)","line":61,"loc":{"start":{"line":61,"column":14},"end":{"line":61,"column":33}}},"5":{"name":"(anonymous_5)","line":71,"loc":{"start":{"line":71,"column":12},"end":{"line":71,"column":24}}},"6":{"name":"(anonymous_6)","line":81,"loc":{"start":{"line":81,"column":12},"end":{"line":81,"column":29}}},"7":{"name":"(anonymous_7)","line":91,"loc":{"start":{"line":91,"column":33},"end":{"line":91,"column":45}}},"8":{"name":"(anonymous_8)","line":102,"loc":{"start":{"line":102,"column":28},"end":{"line":102,"column":44}}},"9":{"name":"(anonymous_9)","line":114,"loc":{"start":{"line":114,"column":32},"end":{"line":114,"column":55}}},"10":{"name":"(anonymous_10)","line":125,"loc":{"start":{"line":125,"column":26},"end":{"line":125,"column":38}}},"11":{"name":"(anonymous_11)","line":136,"loc":{"start":{"line":136,"column":21},"end":{"line":136,"column":37}}},"12":{"name":"(anonymous_12)","line":148,"loc":{"start":{"line":148,"column":25},"end":{"line":148,"column":48}}},"13":{"name":"(anonymous_13)","line":159,"loc":{"start":{"line":159,"column":23},"end":{"line":159,"column":35}}},"14":{"name":"(anonymous_14)","line":170,"loc":{"start":{"line":170,"column":18},"end":{"line":170,"column":34}}},"15":{"name":"(anonymous_15)","line":182,"loc":{"start":{"line":182,"column":22},"end":{"line":182,"column":45}}},"16":{"name":"(anonymous_16)","line":193,"loc":{"start":{"line":193,"column":27},"end":{"line":193,"column":39}}},"17":{"name":"(anonymous_17)","line":204,"loc":{"start":{"line":204,"column":22},"end":{"line":204,"column":38}}},"18":{"name":"(anonymous_18)","line":215,"loc":{"start":{"line":215,"column":26},"end":{"line":215,"column":49}}}},"statementMap":{"1":{"start":{"line":4,"column":0},"end":{"line":4,"column":42}},"2":{"start":{"line":5,"column":0},"end":{"line":5,"column":33}},"3":{"start":{"line":15,"column":0},"end":{"line":228,"column":4}},"4":{"start":{"line":25,"column":2},"end":{"line":25,"column":17}},"5":{"start":{"line":27,"column":2},"end":{"line":27,"column":22}},"6":{"start":{"line":28,"column":2},"end":{"line":28,"column":32}},"7":{"start":{"line":29,"column":2},"end":{"line":29,"column":37}},"8":{"start":{"line":31,"column":2},"end":{"line":31,"column":20}},"9":{"start":{"line":52,"column":3},"end":{"line":52,"column":24}},"10":{"start":{"line":62,"column":3},"end":{"line":62,"column":27}},"11":{"start":{"line":72,"column":3},"end":{"line":72,"column":22}},"12":{"start":{"line":82,"column":3},"end":{"line":82,"column":23}},"13":{"start":{"line":92,"column":3},"end":{"line":92,"column":86}},"14":{"start":{"line":103,"column":3},"end":{"line":103,"column":81}},"15":{"start":{"line":115,"column":3},"end":{"line":115,"column":85}},"16":{"start":{"line":126,"column":3},"end":{"line":126,"column":79}},"17":{"start":{"line":137,"column":3},"end":{"line":137,"column":74}},"18":{"start":{"line":149,"column":3},"end":{"line":149,"column":78}},"19":{"start":{"line":160,"column":3},"end":{"line":160,"column":76}},"20":{"start":{"line":171,"column":3},"end":{"line":171,"column":71}},"21":{"start":{"line":183,"column":3},"end":{"line":183,"column":75}},"22":{"start":{"line":194,"column":3},"end":{"line":194,"column":80}},"23":{"start":{"line":205,"column":3},"end":{"line":205,"column":75}},"24":{"start":{"line":216,"column":3},"end":{"line":216,"column":79}},"25":{"start":{"line":230,"column":0},"end":{"line":230,"column":32}}},"branchMap":{"1":{"line":28,"type":"binary-expr","locations":[{"start":{"line":28,"column":18},"end":{"line":28,"column":25}},{"start":{"line":28,"column":29},"end":{"line":28,"column":31}}]}}},"/Users/erz/test/kobold-core/lib/storageAdapter/fileStorageAdapter.js":{"path":"/Users/erz/test/kobold-core/lib/storageAdapter/fileStorageAdapter.js","s":{"1":1,"2":1,"3":1,"4":1,"5":1,"6":1,"7":21,"8":21,"9":21,"10":21,"11":21,"12":21,"13":21,"14":0,"15":0,"16":0,"17":0,"18":0,"19":0,"20":0,"21":0,"22":0,"23":0,"24":0,"25":0,"26":0,"27":0,"28":0,"29":0,"30":0,"31":0,"32":4,"33":4,"34":12,"35":18,"36":11,"37":3,"38":3,"39":4,"40":1,"41":1,"42":1,"43":1,"44":1,"45":1,"46":1,"47":1,"48":1,"49":1,"50":1,"51":1,"52":1,"53":1,"54":1,"55":1,"56":1,"57":1,"58":1,"59":1,"60":1,"61":1},"b":{"1":[21,19],"2":[21,19],"3":[21,19],"4":[0,0],"5":[0,0],"6":[0,0],"7":[0,0],"8":[0,0]},"f":{"1":21,"2":21,"3":0,"4":0,"5":0,"6":0,"7":0,"8":0,"9":0,"10":0,"11":0,"12":4,"13":12,"14":18,"15":11,"16":3,"17":3,"18":4,"19":1,"20":1,"21":1,"22":1,"23":1,"24":1,"25":1,"26":1,"27":1,"28":1,"29":1,"30":1,"31":1,"32":1,"33":1,"34":1,"35":1,"36":1,"37":1,"38":1,"39":1},"fnMap":{"1":{"name":"(anonymous_1)","line":39,"loc":{"start":{"line":39,"column":14},"end":{"line":39,"column":26}}},"2":{"name":"(anonymous_2)","line":48,"loc":{"start":{"line":48,"column":42},"end":{"line":48,"column":54}}},"3":{"name":"(anonymous_3)","line":50,"loc":{"start":{"line":50,"column":28},"end":{"line":50,"column":43}}},"4":{"name":"(anonymous_4)","line":62,"loc":{"start":{"line":62,"column":18},"end":{"line":62,"column":30}}},"5":{"name":"(anonymous_5)","line":82,"loc":{"start":{"line":82,"column":14},"end":{"line":82,"column":30}}},"6":{"name":"(anonymous_6)","line":84,"loc":{"start":{"line":84,"column":22},"end":{"line":84,"column":49}}},"7":{"name":"(anonymous_7)","line":85,"loc":{"start":{"line":85,"column":41},"end":{"line":85,"column":56}}},"8":{"name":"(anonymous_8)","line":104,"loc":{"start":{"line":104,"column":15},"end":{"line":104,"column":38}}},"9":{"name":"(anonymous_9)","line":106,"loc":{"start":{"line":106,"column":22},"end":{"line":106,"column":49}}},"10":{"name":"(anonymous_10)","line":107,"loc":{"start":{"line":107,"column":27},"end":{"line":107,"column":42}}},"11":{"name":"(anonymous_11)","line":125,"loc":{"start":{"line":125,"column":12},"end":{"line":125,"column":28}}},"12":{"name":"(anonymous_12)","line":137,"loc":{"start":{"line":137,"column":21},"end":{"line":137,"column":37}}},"13":{"name":"(anonymous_13)","line":139,"loc":{"start":{"line":139,"column":44},"end":{"line":139,"column":64}}},"14":{"name":"(anonymous_14)","line":152,"loc":{"start":{"line":152,"column":14},"end":{"line":152,"column":34}}},"15":{"name":"(anonymous_15)","line":164,"loc":{"start":{"line":164,"column":12},"end":{"line":164,"column":24}}},"16":{"name":"(anonymous_16)","line":176,"loc":{"start":{"line":176,"column":20},"end":{"line":176,"column":32}}},"17":{"name":"(anonymous_17)","line":187,"loc":{"start":{"line":187,"column":17},"end":{"line":187,"column":29}}},"18":{"name":"(anonymous_18)","line":198,"loc":{"start":{"line":198,"column":21},"end":{"line":198,"column":33}}},"19":{"name":"(anonymous_19)","line":209,"loc":{"start":{"line":209,"column":33},"end":{"line":209,"column":45}}},"20":{"name":"(anonymous_20)","line":210,"loc":{"start":{"line":210,"column":33},"end":{"line":210,"column":45}}},"21":{"name":"(anonymous_21)","line":222,"loc":{"start":{"line":222,"column":28},"end":{"line":222,"column":44}}},"22":{"name":"(anonymous_22)","line":223,"loc":{"start":{"line":223,"column":33},"end":{"line":223,"column":45}}},"23":{"name":"(anonymous_23)","line":236,"loc":{"start":{"line":236,"column":32},"end":{"line":236,"column":55}}},"24":{"name":"(anonymous_24)","line":248,"loc":{"start":{"line":248,"column":26},"end":{"line":248,"column":38}}},"25":{"name":"(anonymous_25)","line":249,"loc":{"start":{"line":249,"column":33},"end":{"line":249,"column":45}}},"26":{"name":"(anonymous_26)","line":261,"loc":{"start":{"line":261,"column":21},"end":{"line":261,"column":37}}},"27":{"name":"(anonymous_27)","line":262,"loc":{"start":{"line":262,"column":33},"end":{"line":262,"column":45}}},"28":{"name":"(anonymous_28)","line":275,"loc":{"start":{"line":275,"column":25},"end":{"line":275,"column":48}}},"29":{"name":"(anonymous_29)","line":288,"loc":{"start":{"line":288,"column":23},"end":{"line":288,"column":35}}},"30":{"name":"(anonymous_30)","line":289,"loc":{"start":{"line":289,"column":33},"end":{"line":289,"column":45}}},"31":{"name":"(anonymous_31)","line":301,"loc":{"start":{"line":301,"column":18},"end":{"line":301,"column":34}}},"32":{"name":"(anonymous_32)","line":302,"loc":{"start":{"line":302,"column":33},"end":{"line":302,"column":45}}},"33":{"name":"(anonymous_33)","line":315,"loc":{"start":{"line":315,"column":22},"end":{"line":315,"column":45}}},"34":{"name":"(anonymous_34)","line":328,"loc":{"start":{"line":328,"column":27},"end":{"line":328,"column":39}}},"35":{"name":"(anonymous_35)","line":329,"loc":{"start":{"line":329,"column":33},"end":{"line":329,"column":45}}},"36":{"name":"(anonymous_36)","line":341,"loc":{"start":{"line":341,"column":22},"end":{"line":341,"column":38}}},"37":{"name":"(anonymous_37)","line":342,"loc":{"start":{"line":342,"column":33},"end":{"line":342,"column":45}}},"38":{"name":"(anonymous_38)","line":355,"loc":{"start":{"line":355,"column":26},"end":{"line":355,"column":49}}},"39":{"name":"(anonymous_39)","line":356,"loc":{"start":{"line":356,"column":33},"end":{"line":356,"column":45}}}},"statementMap":{"1":{"start":{"line":4,"column":0},"end":{"line":4,"column":27}},"2":{"start":{"line":5,"column":0},"end":{"line":5,"column":23}},"3":{"start":{"line":7,"column":0},"end":{"line":7,"column":33}},"4":{"start":{"line":8,"column":0},"end":{"line":8,"column":38}},"5":{"start":{"line":10,"column":0},"end":{"line":10,"column":49}},"6":{"start":{"line":30,"column":0},"end":{"line":370,"column":4}},"7":{"start":{"line":40,"column":3},"end":{"line":40,"column":18}},"8":{"start":{"line":42,"column":3},"end":{"line":42,"column":35}},"9":{"start":{"line":44,"column":3},"end":{"line":44,"column":77}},"10":{"start":{"line":45,"column":3},"end":{"line":45,"column":68}},"11":{"start":{"line":46,"column":3},"end":{"line":46,"column":80}},"12":{"start":{"line":48,"column":3},"end":{"line":52,"column":7}},"13":{"start":{"line":49,"column":4},"end":{"line":49,"column":26}},"14":{"start":{"line":51,"column":4},"end":{"line":51,"column":27}},"15":{"start":{"line":63,"column":3},"end":{"line":65,"column":4}},"16":{"start":{"line":64,"column":4},"end":{"line":64,"column":42}},"17":{"start":{"line":66,"column":3},"end":{"line":68,"column":4}},"18":{"start":{"line":67,"column":4},"end":{"line":67,"column":39}},"19":{"start":{"line":69,"column":3},"end":{"line":71,"column":4}},"20":{"start":{"line":70,"column":4},"end":{"line":70,"column":43}},"21":{"start":{"line":84,"column":3},"end":{"line":92,"column":6}},"22":{"start":{"line":85,"column":4},"end":{"line":91,"column":7}},"23":{"start":{"line":86,"column":5},"end":{"line":90,"column":6}},"24":{"start":{"line":87,"column":6},"end":{"line":87,"column":18}},"25":{"start":{"line":89,"column":6},"end":{"line":89,"column":21}},"26":{"start":{"line":106,"column":3},"end":{"line":114,"column":6}},"27":{"start":{"line":107,"column":4},"end":{"line":113,"column":7}},"28":{"start":{"line":108,"column":5},"end":{"line":112,"column":6}},"29":{"start":{"line":109,"column":6},"end":{"line":109,"column":18}},"30":{"start":{"line":111,"column":6},"end":{"line":111,"column":16}},"31":{"start":{"line":126,"column":3},"end":{"line":126,"column":31}},"32":{"start":{"line":138,"column":3},"end":{"line":138,"column":35}},"33":{"start":{"line":139,"column":3},"end":{"line":141,"column":6}},"34":{"start":{"line":140,"column":4},"end":{"line":140,"column":51}},"35":{"start":{"line":153,"column":3},"end":{"line":153,"column":57}},"36":{"start":{"line":165,"column":3},"end":{"line":165,"column":21}},"37":{"start":{"line":177,"column":3},"end":{"line":177,"column":63}},"38":{"start":{"line":188,"column":3},"end":{"line":188,"column":60}},"39":{"start":{"line":199,"column":3},"end":{"line":199,"column":64}},"40":{"start":{"line":210,"column":3},"end":{"line":212,"column":17}},"41":{"start":{"line":211,"column":4},"end":{"line":211,"column":59}},"42":{"start":{"line":223,"column":3},"end":{"line":225,"column":17}},"43":{"start":{"line":224,"column":4},"end":{"line":224,"column":78}},"44":{"start":{"line":238,"column":3},"end":{"line":238,"column":28}},"45":{"start":{"line":249,"column":3},"end":{"line":251,"column":6}},"46":{"start":{"line":250,"column":4},"end":{"line":250,"column":14}},"47":{"start":{"line":262,"column":3},"end":{"line":264,"column":6}},"48":{"start":{"line":263,"column":4},"end":{"line":263,"column":21}},"49":{"start":{"line":277,"column":3},"end":{"line":277,"column":28}},"50":{"start":{"line":289,"column":3},"end":{"line":291,"column":17}},"51":{"start":{"line":290,"column":4},"end":{"line":290,"column":56}},"52":{"start":{"line":302,"column":3},"end":{"line":304,"column":17}},"53":{"start":{"line":303,"column":4},"end":{"line":303,"column":75}},"54":{"start":{"line":317,"column":3},"end":{"line":317,"column":28}},"55":{"start":{"line":329,"column":3},"end":{"line":331,"column":17}},"56":{"start":{"line":330,"column":4},"end":{"line":330,"column":60}},"57":{"start":{"line":342,"column":3},"end":{"line":344,"column":17}},"58":{"start":{"line":343,"column":4},"end":{"line":343,"column":79}},"59":{"start":{"line":356,"column":3},"end":{"line":358,"column":17}},"60":{"start":{"line":357,"column":4},"end":{"line":357,"column":87}},"61":{"start":{"line":372,"column":0},"end":{"line":372,"column":36}}},"branchMap":{"1":{"line":44,"type":"binary-expr","locations":[{"start":{"line":44,"column":30},"end":{"line":44,"column":62}},{"start":{"line":44,"column":66},"end":{"line":44,"column":76}}]},"2":{"line":45,"type":"binary-expr","locations":[{"start":{"line":45,"column":27},"end":{"line":45,"column":56}},{"start":{"line":45,"column":60},"end":{"line":45,"column":67}}]},"3":{"line":46,"type":"binary-expr","locations":[{"start":{"line":46,"column":31},"end":{"line":46,"column":64}},{"start":{"line":46,"column":68},"end":{"line":46,"column":79}}]},"4":{"line":63,"type":"if","locations":[{"start":{"line":63,"column":3},"end":{"line":63,"column":3}},{"start":{"line":63,"column":3},"end":{"line":63,"column":3}}]},"5":{"line":66,"type":"if","locations":[{"start":{"line":66,"column":3},"end":{"line":66,"column":3}},{"start":{"line":66,"column":3},"end":{"line":66,"column":3}}]},"6":{"line":69,"type":"if","locations":[{"start":{"line":69,"column":3},"end":{"line":69,"column":3}},{"start":{"line":69,"column":3},"end":{"line":69,"column":3}}]},"7":{"line":86,"type":"if","locations":[{"start":{"line":86,"column":5},"end":{"line":86,"column":5}},{"start":{"line":86,"column":5},"end":{"line":86,"column":5}}]},"8":{"line":108,"type":"if","locations":[{"start":{"line":108,"column":5},"end":{"line":108,"column":5}},{"start":{"line":108,"column":5},"end":{"line":108,"column":5}}]}}},"/Users/erz/test/kobold-core/lib/storageAdapter/keyValueStorageAdapter.js":{"path":"/Users/erz/test/kobold-core/lib/storageAdapter/keyValueStorageAdapter.js","s":{"1":1,"2":1,"3":1,"4":1,"5":1,"6":0,"7":0,"8":0,"9":0,"10":0,"11":0,"12":0,"13":0,"14":0,"15":0,"16":0,"17":0,"18":0,"19":0,"20":0,"21":0,"22":0,"23":0,"24":0,"25":0,"26":0,"27":0,"28":0,"29":0,"30":0,"31":0,"32":0,"33":0,"34":0,"35":0,"36":0,"37":0,"38":0,"39":0,"40":0,"41":0,"42":0,"43":0,"44":0,"45":0,"46":0,"47":0,"48":0,"49":0,"50":0,"51":0,"52":0,"53":0,"54":0,"55":0,"56":0,"57":0,"58":0,"59":0,"60":0,"61":0,"62":0,"63":0,"64":0,"65":0,"66":0,"67":0,"68":0,"69":0,"70":0,"71":0,"72":0,"73":0,"74":0,"75":0,"76":0,"77":0,"78":0,"79":0,"80":0,"81":0,"82":0,"83":0,"84":0,"85":0,"86":0,"87":0,"88":0,"89":0,"90":0,"91":0,"92":1},"b":{"1":[0,0],"2":[0,0],"3":[0,0],"4":[0,0],"5":[0,0],"6":[0,0],"7":[0,0],"8":[0,0],"9":[0,0]},"f":{"1":0,"2":0,"3":0,"4":0,"5":0,"6":0,"7":0,"8":0,"9":0,"10":0,"11":0,"12":0,"13":0,"14":0,"15":0,"16":0,"17":0,"18":0,"19":0,"20":0,"21":0,"22":0,"23":0,"24":0,"25":0,"26":0,"27":0,"28":0,"29":0,"30":0,"31":0,"32":0,"33":0,"34":0,"35":0,"36":0,"37":0,"38":0,"39":0,"40":0,"41":0,"42":0,"43":0,"44":0,"45":0,"46":0,"47":0,"48":0,"49":0,"50":0,"51":0,"52":0,"53":0,"54":0,"55":0,"56":0,"57":0,"58":0,"59":0,"60":0,"61":0,"62":0},"fnMap":{"1":{"name":"(anonymous_1)","line":43,"loc":{"start":{"line":43,"column":14},"end":{"line":43,"column":26}}},"2":{"name":"(anonymous_2)","line":67,"loc":{"start":{"line":67,"column":18},"end":{"line":67,"column":74}}},"3":{"name":"(anonymous_3)","line":69,"loc":{"start":{"line":69,"column":33},"end":{"line":69,"column":45}}},"4":{"name":"(anonymous_4)","line":71,"loc":{"start":{"line":71,"column":55},"end":{"line":71,"column":76}}},"5":{"name":"(anonymous_5)","line":78,"loc":{"start":{"line":78,"column":22},"end":{"line":78,"column":34}}},"6":{"name":"(anonymous_6)","line":80,"loc":{"start":{"line":80,"column":86},"end":{"line":80,"column":110}}},"7":{"name":"(anonymous_7)","line":102,"loc":{"start":{"line":102,"column":25},"end":{"line":102,"column":37}}},"8":{"name":"(anonymous_8)","line":106,"loc":{"start":{"line":106,"column":11},"end":{"line":106,"column":23}}},"9":{"name":"(anonymous_9)","line":107,"loc":{"start":{"line":107,"column":77},"end":{"line":107,"column":93}}},"10":{"name":"(anonymous_10)","line":120,"loc":{"start":{"line":120,"column":28},"end":{"line":120,"column":40}}},"11":{"name":"(anonymous_11)","line":124,"loc":{"start":{"line":124,"column":11},"end":{"line":124,"column":23}}},"12":{"name":"(anonymous_12)","line":125,"loc":{"start":{"line":125,"column":82},"end":{"line":125,"column":98}}},"13":{"name":"(anonymous_13)","line":138,"loc":{"start":{"line":138,"column":25},"end":{"line":138,"column":37}}},"14":{"name":"(anonymous_14)","line":142,"loc":{"start":{"line":142,"column":11},"end":{"line":142,"column":23}}},"15":{"name":"(anonymous_15)","line":143,"loc":{"start":{"line":143,"column":76},"end":{"line":143,"column":92}}},"16":{"name":"(anonymous_16)","line":156,"loc":{"start":{"line":156,"column":21},"end":{"line":156,"column":33}}},"17":{"name":"(anonymous_17)","line":161,"loc":{"start":{"line":161,"column":11},"end":{"line":161,"column":23}}},"18":{"name":"(anonymous_18)","line":162,"loc":{"start":{"line":162,"column":68},"end":{"line":162,"column":84}}},"19":{"name":"(anonymous_19)","line":175,"loc":{"start":{"line":175,"column":23},"end":{"line":175,"column":35}}},"20":{"name":"(anonymous_20)","line":196,"loc":{"start":{"line":196,"column":14},"end":{"line":196,"column":30}}},"21":{"name":"(anonymous_21)","line":197,"loc":{"start":{"line":197,"column":22},"end":{"line":197,"column":49}}},"22":{"name":"(anonymous_22)","line":198,"loc":{"start":{"line":198,"column":29},"end":{"line":198,"column":51}}},"23":{"name":"(anonymous_23)","line":216,"loc":{"start":{"line":216,"column":14},"end":{"line":216,"column":31}}},"24":{"name":"(anonymous_24)","line":217,"loc":{"start":{"line":217,"column":22},"end":{"line":217,"column":49}}},"25":{"name":"(anonymous_25)","line":218,"loc":{"start":{"line":218,"column":17},"end":{"line":218,"column":38}}},"26":{"name":"(anonymous_26)","line":237,"loc":{"start":{"line":237,"column":35},"end":{"line":237,"column":49}}},"27":{"name":"(anonymous_27)","line":249,"loc":{"start":{"line":249,"column":28},"end":{"line":249,"column":42}}},"28":{"name":"(anonymous_28)","line":261,"loc":{"start":{"line":261,"column":29},"end":{"line":261,"column":43}}},"29":{"name":"(anonymous_29)","line":273,"loc":{"start":{"line":273,"column":25},"end":{"line":273,"column":39}}},"30":{"name":"(anonymous_30)","line":286,"loc":{"start":{"line":286,"column":20},"end":{"line":286,"column":35}}},"31":{"name":"(anonymous_31)","line":297,"loc":{"start":{"line":297,"column":33},"end":{"line":297,"column":45}}},"32":{"name":"(anonymous_32)","line":298,"loc":{"start":{"line":298,"column":33},"end":{"line":298,"column":45}}},"33":{"name":"(anonymous_33)","line":310,"loc":{"start":{"line":310,"column":28},"end":{"line":310,"column":44}}},"34":{"name":"(anonymous_34)","line":311,"loc":{"start":{"line":311,"column":33},"end":{"line":311,"column":45}}},"35":{"name":"(anonymous_35)","line":313,"loc":{"start":{"line":313,"column":22},"end":{"line":313,"column":38}}},"36":{"name":"(anonymous_36)","line":326,"loc":{"start":{"line":326,"column":32},"end":{"line":326,"column":55}}},"37":{"name":"(anonymous_37)","line":327,"loc":{"start":{"line":327,"column":33},"end":{"line":327,"column":45}}},"38":{"name":"(anonymous_38)","line":329,"loc":{"start":{"line":329,"column":22},"end":{"line":329,"column":38}}},"39":{"name":"(anonymous_39)","line":341,"loc":{"start":{"line":341,"column":26},"end":{"line":341,"column":38}}},"40":{"name":"(anonymous_40)","line":342,"loc":{"start":{"line":342,"column":33},"end":{"line":342,"column":45}}},"41":{"name":"(anonymous_41)","line":354,"loc":{"start":{"line":354,"column":21},"end":{"line":354,"column":37}}},"42":{"name":"(anonymous_42)","line":355,"loc":{"start":{"line":355,"column":33},"end":{"line":355,"column":45}}},"43":{"name":"(anonymous_43)","line":357,"loc":{"start":{"line":357,"column":22},"end":{"line":357,"column":38}}},"44":{"name":"(anonymous_44)","line":370,"loc":{"start":{"line":370,"column":25},"end":{"line":370,"column":48}}},"45":{"name":"(anonymous_45)","line":371,"loc":{"start":{"line":371,"column":33},"end":{"line":371,"column":45}}},"46":{"name":"(anonymous_46)","line":373,"loc":{"start":{"line":373,"column":22},"end":{"line":373,"column":38}}},"47":{"name":"(anonymous_47)","line":385,"loc":{"start":{"line":385,"column":23},"end":{"line":385,"column":35}}},"48":{"name":"(anonymous_48)","line":386,"loc":{"start":{"line":386,"column":33},"end":{"line":386,"column":45}}},"49":{"name":"(anonymous_49)","line":398,"loc":{"start":{"line":398,"column":18},"end":{"line":398,"column":34}}},"50":{"name":"(anonymous_50)","line":399,"loc":{"start":{"line":399,"column":33},"end":{"line":399,"column":45}}},"51":{"name":"(anonymous_51)","line":401,"loc":{"start":{"line":401,"column":22},"end":{"line":401,"column":38}}},"52":{"name":"(anonymous_52)","line":414,"loc":{"start":{"line":414,"column":22},"end":{"line":414,"column":45}}},"53":{"name":"(anonymous_53)","line":415,"loc":{"start":{"line":415,"column":33},"end":{"line":415,"column":45}}},"54":{"name":"(anonymous_54)","line":417,"loc":{"start":{"line":417,"column":22},"end":{"line":417,"column":38}}},"55":{"name":"(anonymous_55)","line":429,"loc":{"start":{"line":429,"column":27},"end":{"line":429,"column":39}}},"56":{"name":"(anonymous_56)","line":430,"loc":{"start":{"line":430,"column":33},"end":{"line":430,"column":45}}},"57":{"name":"(anonymous_57)","line":442,"loc":{"start":{"line":442,"column":22},"end":{"line":442,"column":38}}},"58":{"name":"(anonymous_58)","line":443,"loc":{"start":{"line":443,"column":33},"end":{"line":443,"column":45}}},"59":{"name":"(anonymous_59)","line":445,"loc":{"start":{"line":445,"column":22},"end":{"line":445,"column":38}}},"60":{"name":"(anonymous_60)","line":458,"loc":{"start":{"line":458,"column":26},"end":{"line":458,"column":49}}},"61":{"name":"(anonymous_61)","line":459,"loc":{"start":{"line":459,"column":33},"end":{"line":459,"column":45}}},"62":{"name":"(anonymous_62)","line":461,"loc":{"start":{"line":461,"column":22},"end":{"line":461,"column":38}}}},"statementMap":{"1":{"start":{"line":4,"column":0},"end":{"line":4,"column":33}},"2":{"start":{"line":5,"column":0},"end":{"line":5,"column":27}},"3":{"start":{"line":6,"column":0},"end":{"line":6,"column":38}},"4":{"start":{"line":8,"column":0},"end":{"line":8,"column":49}},"5":{"start":{"line":34,"column":0},"end":{"line":475,"column":4}},"6":{"start":{"line":44,"column":3},"end":{"line":44,"column":18}},"7":{"start":{"line":46,"column":3},"end":{"line":46,"column":47}},"8":{"start":{"line":47,"column":3},"end":{"line":47,"column":41}},"9":{"start":{"line":48,"column":3},"end":{"line":48,"column":47}},"10":{"start":{"line":49,"column":3},"end":{"line":49,"column":41}},"11":{"start":{"line":50,"column":3},"end":{"line":50,"column":33}},"12":{"start":{"line":52,"column":3},"end":{"line":52,"column":49}},"13":{"start":{"line":53,"column":3},"end":{"line":53,"column":52}},"14":{"start":{"line":54,"column":3},"end":{"line":54,"column":49}},"15":{"start":{"line":55,"column":3},"end":{"line":55,"column":45}},"16":{"start":{"line":56,"column":3},"end":{"line":56,"column":47}},"17":{"start":{"line":69,"column":3},"end":{"line":91,"column":17}},"18":{"start":{"line":71,"column":4},"end":{"line":76,"column":7}},"19":{"start":{"line":73,"column":5},"end":{"line":75,"column":6}},"20":{"start":{"line":74,"column":6},"end":{"line":74,"column":99}},"21":{"start":{"line":80,"column":4},"end":{"line":89,"column":18}},"22":{"start":{"line":82,"column":5},"end":{"line":88,"column":6}},"23":{"start":{"line":83,"column":6},"end":{"line":85,"column":7}},"24":{"start":{"line":84,"column":7},"end":{"line":84,"column":125}},"25":{"start":{"line":87,"column":6},"end":{"line":87,"column":79}},"26":{"start":{"line":103,"column":3},"end":{"line":103,"column":35}},"27":{"start":{"line":104,"column":3},"end":{"line":110,"column":17}},"28":{"start":{"line":107,"column":4},"end":{"line":109,"column":18}},"29":{"start":{"line":108,"column":5},"end":{"line":108,"column":30}},"30":{"start":{"line":121,"column":3},"end":{"line":121,"column":38}},"31":{"start":{"line":122,"column":3},"end":{"line":128,"column":17}},"32":{"start":{"line":125,"column":4},"end":{"line":127,"column":18}},"33":{"start":{"line":126,"column":5},"end":{"line":126,"column":33}},"34":{"start":{"line":139,"column":3},"end":{"line":139,"column":35}},"35":{"start":{"line":140,"column":3},"end":{"line":146,"column":17}},"36":{"start":{"line":143,"column":4},"end":{"line":145,"column":18}},"37":{"start":{"line":144,"column":5},"end":{"line":144,"column":30}},"38":{"start":{"line":157,"column":3},"end":{"line":157,"column":31}},"39":{"start":{"line":158,"column":3},"end":{"line":165,"column":17}},"40":{"start":{"line":162,"column":4},"end":{"line":164,"column":18}},"41":{"start":{"line":163,"column":5},"end":{"line":163,"column":26}},"42":{"start":{"line":176,"column":3},"end":{"line":176,"column":33}},"43":{"start":{"line":177,"column":3},"end":{"line":183,"column":5}},"44":{"start":{"line":184,"column":3},"end":{"line":184,"column":76}},"45":{"start":{"line":197,"column":3},"end":{"line":206,"column":2}},"46":{"start":{"line":198,"column":4},"end":{"line":204,"column":7}},"47":{"start":{"line":199,"column":5},"end":{"line":203,"column":6}},"48":{"start":{"line":200,"column":6},"end":{"line":200,"column":18}},"49":{"start":{"line":202,"column":6},"end":{"line":202,"column":21}},"50":{"start":{"line":217,"column":3},"end":{"line":226,"column":2}},"51":{"start":{"line":218,"column":4},"end":{"line":224,"column":7}},"52":{"start":{"line":219,"column":5},"end":{"line":223,"column":6}},"53":{"start":{"line":220,"column":6},"end":{"line":220,"column":18}},"54":{"start":{"line":222,"column":6},"end":{"line":222,"column":20}},"55":{"start":{"line":238,"column":3},"end":{"line":238,"column":49}},"56":{"start":{"line":250,"column":3},"end":{"line":250,"column":51}},"57":{"start":{"line":262,"column":3},"end":{"line":262,"column":52}},"58":{"start":{"line":274,"column":3},"end":{"line":274,"column":48}},"59":{"start":{"line":287,"column":3},"end":{"line":287,"column":37}},"60":{"start":{"line":298,"column":3},"end":{"line":300,"column":17}},"61":{"start":{"line":299,"column":4},"end":{"line":299,"column":82}},"62":{"start":{"line":311,"column":3},"end":{"line":315,"column":6}},"63":{"start":{"line":312,"column":4},"end":{"line":312,"column":84}},"64":{"start":{"line":314,"column":4},"end":{"line":314,"column":33}},"65":{"start":{"line":327,"column":3},"end":{"line":331,"column":17}},"66":{"start":{"line":328,"column":4},"end":{"line":328,"column":34}},"67":{"start":{"line":330,"column":4},"end":{"line":330,"column":103}},"68":{"start":{"line":342,"column":3},"end":{"line":344,"column":17}},"69":{"start":{"line":343,"column":4},"end":{"line":343,"column":75}},"70":{"start":{"line":355,"column":3},"end":{"line":359,"column":6}},"71":{"start":{"line":356,"column":4},"end":{"line":356,"column":77}},"72":{"start":{"line":358,"column":4},"end":{"line":358,"column":33}},"73":{"start":{"line":371,"column":3},"end":{"line":375,"column":17}},"74":{"start":{"line":372,"column":4},"end":{"line":372,"column":34}},"75":{"start":{"line":374,"column":4},"end":{"line":374,"column":96}},"76":{"start":{"line":386,"column":3},"end":{"line":388,"column":17}},"77":{"start":{"line":387,"column":4},"end":{"line":387,"column":72}},"78":{"start":{"line":399,"column":3},"end":{"line":403,"column":6}},"79":{"start":{"line":400,"column":4},"end":{"line":400,"column":74}},"80":{"start":{"line":402,"column":4},"end":{"line":402,"column":33}},"81":{"start":{"line":415,"column":3},"end":{"line":419,"column":17}},"82":{"start":{"line":416,"column":4},"end":{"line":416,"column":34}},"83":{"start":{"line":418,"column":4},"end":{"line":418,"column":93}},"84":{"start":{"line":430,"column":3},"end":{"line":432,"column":17}},"85":{"start":{"line":431,"column":4},"end":{"line":431,"column":76}},"86":{"start":{"line":443,"column":3},"end":{"line":447,"column":6}},"87":{"start":{"line":444,"column":4},"end":{"line":444,"column":78}},"88":{"start":{"line":446,"column":4},"end":{"line":446,"column":33}},"89":{"start":{"line":459,"column":3},"end":{"line":463,"column":17}},"90":{"start":{"line":460,"column":4},"end":{"line":460,"column":34}},"91":{"start":{"line":462,"column":4},"end":{"line":462,"column":97}},"92":{"start":{"line":477,"column":0},"end":{"line":477,"column":40}}},"branchMap":{"1":{"line":73,"type":"if","locations":[{"start":{"line":73,"column":5},"end":{"line":73,"column":5}},{"start":{"line":73,"column":5},"end":{"line":73,"column":5}}]},"2":{"line":82,"type":"if","locations":[{"start":{"line":82,"column":5},"end":{"line":82,"column":5}},{"start":{"line":82,"column":5},"end":{"line":82,"column":5}}]},"3":{"line":83,"type":"if","locations":[{"start":{"line":83,"column":6},"end":{"line":83,"column":6}},{"start":{"line":83,"column":6},"end":{"line":83,"column":6}}]},"4":{"line":199,"type":"if","locations":[{"start":{"line":199,"column":5},"end":{"line":199,"column":5}},{"start":{"line":199,"column":5},"end":{"line":199,"column":5}}]},"5":{"line":219,"type":"if","locations":[{"start":{"line":219,"column":5},"end":{"line":219,"column":5}},{"start":{"line":219,"column":5},"end":{"line":219,"column":5}}]},"6":{"line":238,"type":"binary-expr","locations":[{"start":{"line":238,"column":11},"end":{"line":238,"column":13}},{"start":{"line":238,"column":17},"end":{"line":238,"column":33}}]},"7":{"line":250,"type":"binary-expr","locations":[{"start":{"line":250,"column":11},"end":{"line":250,"column":13}},{"start":{"line":250,"column":17},"end":{"line":250,"column":35}}]},"8":{"line":262,"type":"binary-expr","locations":[{"start":{"line":262,"column":11},"end":{"line":262,"column":13}},{"start":{"line":262,"column":17},"end":{"line":262,"column":35}}]},"9":{"line":274,"type":"binary-expr","locations":[{"start":{"line":274,"column":11},"end":{"line":274,"column":13}},{"start":{"line":274,"column":17},"end":{"line":274,"column":35}}]}}}}