TN:
SF:/Users/erz/test/kobold-core/index.js
FN:48,(anonymous_1)
FN:92,(anonymous_2)
FNF:2
FNH:0
FNDA:0,(anonymous_1)
FNDA:0,(anonymous_2)
DA:4,1
DA:5,1
DA:7,1
DA:8,1
DA:9,1
DA:16,1
DA:49,0
DA:53,0
DA:54,0
DA:55,0
DA:56,0
DA:58,0
DA:60,0
DA:93,0
DA:97,0
DA:98,0
DA:99,0
DA:101,0
DA:114,1
LF:19
LH:7
BRDA:50,1,0,0
BRDA:50,1,1,0
BRDA:53,2,0,0
BRDA:53,2,1,0
BRDA:55,3,0,0
BRDA:55,3,1,0
BRDA:97,4,0,0
BRDA:97,4,1,0
BRF:8
BRH:0
end_of_record
TN:
SF:/Users/erz/test/kobold-core/lib/connectionAdapter/connectionAdapter.js
FN:25,(anonymous_1)
FN:41,(anonymous_2)
FN:58,(anonymous_3)
FN:59,(anonymous_4)
FN:60,(anonymous_5)
FN:78,(anonymous_6)
FN:88,(anonymous_7)
FN:100,(anonymous_8)
FN:112,(anonymous_9)
FN:124,(anonymous_10)
FN:137,(anonymous_11)
FN:149,(anonymous_12)
FN:161,(anonymous_13)
FN:176,(anonymous_14)
FN:189,(anonymous_15)
FN:202,(anonymous_16)
FN:213,(anonymous_17)
FNF:17
FNH:4
FNDA:30,(anonymous_1)
FNDA:30,(anonymous_2)
FNDA:0,(anonymous_3)
FNDA:0,(anonymous_4)
FNDA:0,(anonymous_5)
FNDA:32,(anonymous_6)
FNDA:35,(anonymous_7)
FNDA:0,(anonymous_8)
FNDA:0,(anonymous_9)
FNDA:0,(anonymous_10)
FNDA:0,(anonymous_11)
FNDA:0,(anonymous_12)
FNDA:0,(anonymous_13)
FNDA:0,(anonymous_14)
FNDA:0,(anonymous_15)
FNDA:0,(anonymous_16)
FNDA:0,(anonymous_17)
DA:4,1
DA:5,1
DA:6,1
DA:13,1
DA:26,30
DA:28,30
DA:29,30
DA:31,30
DA:59,0
DA:60,0
DA:61,0
DA:62,0
DA:64,0
DA:65,0
DA:79,32
DA:89,35
DA:101,0
DA:113,0
DA:125,0
DA:138,0
DA:150,0
DA:162,0
DA:177,0
DA:190,0
DA:203,0
DA:214,0
DA:228,1
LF:27
LH:11
BRDA:28,1,0,30
BRDA:28,1,1,29
BRDA:61,2,0,0
BRDA:61,2,1,0
BRF:4
BRH:2
end_of_record
TN:
SF:/Users/erz/test/kobold-core/lib/connectionAdapter/riakConnectionAdapter.js
FN:30,(anonymous_1)
FN:47,(anonymous_2)
FN:58,(anonymous_3)
FN:59,(anonymous_4)
FN:63,(anonymous_5)
FN:65,(anonymous_6)
FN:83,(anonymous_7)
FN:84,(anonymous_8)
FN:97,(anonymous_9)
FN:98,(anonymous_10)
FN:102,(anonymous_11)
FN:104,(anonymous_12)
FN:123,(anonymous_13)
FN:124,(anonymous_14)
FN:137,(anonymous_15)
FN:138,(anonymous_16)
FN:142,(anonymous_17)
FN:156,(anonymous_18)
FN:157,(anonymous_19)
FN:173,(anonymous_20)
FN:175,(anonymous_21)
FN:196,(anonymous_22)
FN:209,(anonymous_23)
FN:210,(anonymous_24)
FN:225,(anonymous_25)
FN:226,(anonymous_26)
FN:231,(anonymous_27)
FN:232,(anonymous_28)
FNF:28
FNH:28
FNDA:30,(anonymous_1)
FNDA:28,(anonymous_2)
FNDA:7,(anonymous_3)
FNDA:7,(anonymous_4)
FNDA:7,(anonymous_5)
FNDA:7,(anonymous_6)
FNDA:3,(anonymous_7)
FNDA:3,(anonymous_8)
FNDA:8,(anonymous_9)
FNDA:8,(anonymous_10)
FNDA:8,(anonymous_11)
FNDA:8,(anonymous_12)
FNDA:3,(anonymous_13)
FNDA:3,(anonymous_14)
FNDA:4,(anonymous_15)
FNDA:4,(anonymous_16)
FNDA:4,(anonymous_17)
FNDA:1,(anonymous_18)
FNDA:1,(anonymous_19)
FNDA:5,(anonymous_20)
FNDA:5,(anonymous_21)
FNDA:1,(anonymous_22)
FNDA:3,(anonymous_23)
FNDA:3,(anonymous_24)
FNDA:1,(anonymous_25)
FNDA:1,(anonymous_26)
FNDA:2,(anonymous_27)
FNDA:2,(anonymous_28)
DA:4,1
DA:5,1
DA:22,1
DA:31,30
DA:33,30
DA:34,30
DA:35,30
DA:48,28
DA:59,7
DA:60,7
DA:64,7
DA:66,7
DA:67,3
DA:69,4
DA:84,3
DA:85,3
DA:98,8
DA:99,8
DA:103,8
DA:105,8
DA:106,3
DA:108,5
DA:124,3
DA:125,3
DA:138,4
DA:139,4
DA:143,4
DA:157,1
DA:158,1
DA:174,5
DA:175,5
DA:176,5
DA:197,1
DA:210,3
DA:211,3
DA:226,1
DA:227,1
DA:230,1
DA:231,2
DA:232,2
DA:233,2
DA:238,1
DA:253,1
LF:43
LH:43
BRDA:33,1,0,30
BRDA:33,1,1,29
BRDA:34,2,0,30
BRDA:34,2,1,29
BRDA:35,3,0,30
BRDA:35,3,1,29
BRDA:66,4,0,3
BRDA:66,4,1,4
BRDA:105,5,0,3
BRDA:105,5,1,5
BRDA:174,6,0,5
BRDA:174,6,1,3
BRF:12
BRH:12
end_of_record
TN:
SF:/Users/erz/test/kobold-core/lib/storageAdapter/storageAdapter.js
FN:24,(anonymous_1)
FN:41,(anonymous_2)
FN:51,(anonymous_3)
FN:61,(anonymous_4)
FN:71,(anonymous_5)
FN:81,(anonymous_6)
FN:91,(anonymous_7)
FN:102,(anonymous_8)
FN:114,(anonymous_9)
FN:125,(anonymous_10)
FN:136,(anonymous_11)
FN:148,(anonymous_12)
FN:159,(anonymous_13)
FN:170,(anonymous_14)
FN:182,(anonymous_15)
FN:193,(anonymous_16)
FN:204,(anonymous_17)
FN:215,(anonymous_18)
FNF:18
FNH:6
FNDA:21,(anonymous_1)
FNDA:21,(anonymous_2)
FNDA:31,(anonymous_3)
FNDA:42,(anonymous_4)
FNDA:2,(anonymous_5)
FNDA:1,(anonymous_6)
FNDA:0,(anonymous_7)
FNDA:0,(anonymous_8)
FNDA:0,(anonymous_9)
FNDA:0,(anonymous_10)
FNDA:0,(anonymous_11)
FNDA:0,(anonymous_12)
FNDA:0,(anonymous_13)
FNDA:0,(anonymous_14)
FNDA:0,(anonymous_15)
FNDA:0,(anonymous_16)
FNDA:0,(anonymous_17)
FNDA:0,(anonymous_18)
DA:4,1
DA:5,1
DA:15,1
DA:25,21
DA:27,21
DA:28,21
DA:29,21
DA:31,21
DA:52,31
DA:62,42
DA:72,2
DA:82,1
DA:92,0
DA:103,0
DA:115,0
DA:126,0
DA:137,0
DA:149,0
DA:160,0
DA:171,0
DA:183,0
DA:194,0
DA:205,0
DA:216,0
DA:230,1
LF:25
LH:13
BRDA:28,1,0,21
BRDA:28,1,1,0
BRF:2
BRH:1
end_of_record
TN:
SF:/Users/erz/test/kobold-core/lib/storageAdapter/fileStorageAdapter.js
FN:39,(anonymous_1)
FN:48,(anonymous_2)
FN:50,(anonymous_3)
FN:62,(anonymous_4)
FN:82,(anonymous_5)
FN:84,(anonymous_6)
FN:85,(anonymous_7)
FN:104,(anonymous_8)
FN:106,(anonymous_9)
FN:107,(anonymous_10)
FN:125,(anonymous_11)
FN:137,(anonymous_12)
FN:139,(anonymous_13)
FN:152,(anonymous_14)
FN:164,(anonymous_15)
FN:176,(anonymous_16)
FN:187,(anonymous_17)
FN:198,(anonymous_18)
FN:209,(anonymous_19)
FN:210,(anonymous_20)
FN:222,(anonymous_21)
FN:223,(anonymous_22)
FN:236,(anonymous_23)
FN:248,(anonymous_24)
FN:249,(anonymous_25)
FN:261,(anonymous_26)
FN:262,(anonymous_27)
FN:275,(anonymous_28)
FN:288,(anonymous_29)
FN:289,(anonymous_30)
FN:301,(anonymous_31)
FN:302,(anonymous_32)
FN:315,(anonymous_33)
FN:328,(anonymous_34)
FN:329,(anonymous_35)
FN:341,(anonymous_36)
FN:342,(anonymous_37)
FN:355,(anonymous_38)
FN:356,(anonymous_39)
FNF:39
FNH:30
FNDA:21,(anonymous_1)
FNDA:21,(anonymous_2)
FNDA:0,(anonymous_3)
FNDA:0,(anonymous_4)
FNDA:0,(anonymous_5)
FNDA:0,(anonymous_6)
FNDA:0,(anonymous_7)
FNDA:0,(anonymous_8)
FNDA:0,(anonymous_9)
FNDA:0,(anonymous_10)
FNDA:0,(anonymous_11)
FNDA:4,(anonymous_12)
FNDA:12,(anonymous_13)
FNDA:18,(anonymous_14)
FNDA:11,(anonymous_15)
FNDA:3,(anonymous_16)
FNDA:3,(anonymous_17)
FNDA:4,(anonymous_18)
FNDA:1,(anonymous_19)
FNDA:1,(anonymous_20)
FNDA:1,(anonymous_21)
FNDA:1,(anonymous_22)
FNDA:1,(anonymous_23)
FNDA:1,(anonymous_24)
FNDA:1,(anonymous_25)
FNDA:1,(anonymous_26)
FNDA:1,(anonymous_27)
FNDA:1,(anonymous_28)
FNDA:1,(anonymous_29)
FNDA:1,(anonymous_30)
FNDA:1,(anonymous_31)
FNDA:1,(anonymous_32)
FNDA:1,(anonymous_33)
FNDA:1,(anonymous_34)
FNDA:1,(anonymous_35)
FNDA:1,(anonymous_36)
FNDA:1,(anonymous_37)
FNDA:1,(anonymous_38)
FNDA:1,(anonymous_39)
DA:4,1
DA:5,1
DA:7,1
DA:8,1
DA:10,1
DA:30,1
DA:40,21
DA:42,21
DA:44,21
DA:45,21
DA:46,21
DA:48,21
DA:49,21
DA:51,0
DA:63,0
DA:64,0
DA:66,0
DA:67,0
DA:69,0
DA:70,0
DA:84,0
DA:85,0
DA:86,0
DA:87,0
DA:89,0
DA:106,0
DA:107,0
DA:108,0
DA:109,0
DA:111,0
DA:126,0
DA:138,4
DA:139,4
DA:140,12
DA:153,18
DA:165,11
DA:177,3
DA:188,3
DA:199,4
DA:210,1
DA:211,1
DA:223,1
DA:224,1
DA:238,1
DA:249,1
DA:250,1
DA:262,1
DA:263,1
DA:277,1
DA:289,1
DA:290,1
DA:302,1
DA:303,1
DA:317,1
DA:329,1
DA:330,1
DA:342,1
DA:343,1
DA:356,1
DA:357,1
DA:372,1
LF:61
LH:43
BRDA:44,1,0,21
BRDA:44,1,1,19
BRDA:45,2,0,21
BRDA:45,2,1,19
BRDA:46,3,0,21
BRDA:46,3,1,19
BRDA:63,4,0,0
BRDA:63,4,1,0
BRDA:66,5,0,0
BRDA:66,5,1,0
BRDA:69,6,0,0
BRDA:69,6,1,0
BRDA:86,7,0,0
BRDA:86,7,1,0
BRDA:108,8,0,0
BRDA:108,8,1,0
BRF:16
BRH:6
end_of_record
TN:
SF:/Users/erz/test/kobold-core/lib/storageAdapter/keyValueStorageAdapter.js
FN:43,(anonymous_1)
FN:67,(anonymous_2)
FN:69,(anonymous_3)
FN:71,(anonymous_4)
FN:78,(anonymous_5)
FN:80,(anonymous_6)
FN:102,(anonymous_7)
FN:106,(anonymous_8)
FN:107,(anonymous_9)
FN:120,(anonymous_10)
FN:124,(anonymous_11)
FN:125,(anonymous_12)
FN:138,(anonymous_13)
FN:142,(anonymous_14)
FN:143,(anonymous_15)
FN:156,(anonymous_16)
FN:161,(anonymous_17)
FN:162,(anonymous_18)
FN:175,(anonymous_19)
FN:196,(anonymous_20)
FN:197,(anonymous_21)
FN:198,(anonymous_22)
FN:216,(anonymous_23)
FN:217,(anonymous_24)
FN:218,(anonymous_25)
FN:237,(anonymous_26)
FN:249,(anonymous_27)
FN:261,(anonymous_28)
FN:273,(anonymous_29)
FN:286,(anonymous_30)
FN:297,(anonymous_31)
FN:298,(anonymous_32)
FN:310,(anonymous_33)
FN:311,(anonymous_34)
FN:313,(anonymous_35)
FN:326,(anonymous_36)
FN:327,(anonymous_37)
FN:329,(anonymous_38)
FN:341,(anonymous_39)
FN:342,(anonymous_40)
FN:354,(anonymous_41)
FN:355,(anonymous_42)
FN:357,(anonymous_43)
FN:370,(anonymous_44)
FN:371,(anonymous_45)
FN:373,(anonymous_46)
FN:385,(anonymous_47)
FN:386,(anonymous_48)
FN:398,(anonymous_49)
FN:399,(anonymous_50)
FN:401,(anonymous_51)
FN:414,(anonymous_52)
FN:415,(anonymous_53)
FN:417,(anonymous_54)
FN:429,(anonymous_55)
FN:430,(anonymous_56)
FN:442,(anonymous_57)
FN:443,(anonymous_58)
FN:445,(anonymous_59)
FN:458,(anonymous_60)
FN:459,(anonymous_61)
FN:461,(anonymous_62)
FNF:62
FNH:0
FNDA:0,(anonymous_1)
FNDA:0,(anonymous_2)
FNDA:0,(anonymous_3)
FNDA:0,(anonymous_4)
FNDA:0,(anonymous_5)
FNDA:0,(anonymous_6)
FNDA:0,(anonymous_7)
FNDA:0,(anonymous_8)
FNDA:0,(anonymous_9)
FNDA:0,(anonymous_10)
FNDA:0,(anonymous_11)
FNDA:0,(anonymous_12)
FNDA:0,(anonymous_13)
FNDA:0,(anonymous_14)
FNDA:0,(anonymous_15)
FNDA:0,(anonymous_16)
FNDA:0,(anonymous_17)
FNDA:0,(anonymous_18)
FNDA:0,(anonymous_19)
FNDA:0,(anonymous_20)
FNDA:0,(anonymous_21)
FNDA:0,(anonymous_22)
FNDA:0,(anonymous_23)
FNDA:0,(anonymous_24)
FNDA:0,(anonymous_25)
FNDA:0,(anonymous_26)
FNDA:0,(anonymous_27)
FNDA:0,(anonymous_28)
FNDA:0,(anonymous_29)
FNDA:0,(anonymous_30)
FNDA:0,(anonymous_31)
FNDA:0,(anonymous_32)
FNDA:0,(anonymous_33)
FNDA:0,(anonymous_34)
FNDA:0,(anonymous_35)
FNDA:0,(anonymous_36)
FNDA:0,(anonymous_37)
FNDA:0,(anonymous_38)
FNDA:0,(anonymous_39)
FNDA:0,(anonymous_40)
FNDA:0,(anonymous_41)
FNDA:0,(anonymous_42)
FNDA:0,(anonymous_43)
FNDA:0,(anonymous_44)
FNDA:0,(anonymous_45)
FNDA:0,(anonymous_46)
FNDA:0,(anonymous_47)
FNDA:0,(anonymous_48)
FNDA:0,(anonymous_49)
FNDA:0,(anonymous_50)
FNDA:0,(anonymous_51)
FNDA:0,(anonymous_52)
FNDA:0,(anonymous_53)
FNDA:0,(anonymous_54)
FNDA:0,(anonymous_55)
FNDA:0,(anonymous_56)
FNDA:0,(anonymous_57)
FNDA:0,(anonymous_58)
FNDA:0,(anonymous_59)
FNDA:0,(anonymous_60)
FNDA:0,(anonymous_61)
FNDA:0,(anonymous_62)
DA:4,1
DA:5,1
DA:6,1
DA:8,1
DA:34,1
DA:44,0
DA:46,0
DA:47,0
DA:48,0
DA:49,0
DA:50,0
DA:52,0
DA:53,0
DA:54,0
DA:55,0
DA:56,0
DA:69,0
DA:71,0
DA:73,0
DA:74,0
DA:80,0
DA:82,0
DA:83,0
DA:84,0
DA:87,0
DA:103,0
DA:104,0
DA:107,0
DA:108,0
DA:121,0
DA:122,0
DA:125,0
DA:126,0
DA:139,0
DA:140,0
DA:143,0
DA:144,0
DA:157,0
DA:158,0
DA:162,0
DA:163,0
DA:176,0
DA:177,0
DA:184,0
DA:197,0
DA:198,0
DA:199,0
DA:200,0
DA:202,0
DA:217,0
DA:218,0
DA:219,0
DA:220,0
DA:222,0
DA:238,0
DA:250,0
DA:262,0
DA:274,0
DA:287,0
DA:298,0
DA:299,0
DA:311,0
DA:312,0
DA:314,0
DA:327,0
DA:328,0
DA:330,0
DA:342,0
DA:343,0
DA:355,0
DA:356,0
DA:358,0
DA:371,0
DA:372,0
DA:374,0
DA:386,0
DA:387,0
DA:399,0
DA:400,0
DA:402,0
DA:415,0
DA:416,0
DA:418,0
DA:430,0
DA:431,0
DA:443,0
DA:444,0
DA:446,0
DA:459,0
DA:460,0
DA:462,0
DA:477,1
LF:92
LH:6
BRDA:73,1,0,0
BRDA:73,1,1,0
BRDA:82,2,0,0
BRDA:82,2,1,0
BRDA:83,3,0,0
BRDA:83,3,1,0
BRDA:199,4,0,0
BRDA:199,4,1,0
BRDA:219,5,0,0
BRDA:219,5,1,0
BRDA:238,6,0,0
BRDA:238,6,1,0
BRDA:250,7,0,0
BRDA:250,7,1,0
BRDA:262,8,0,0
BRDA:262,8,1,0
BRDA:274,9,0,0
BRDA:274,9,1,0
BRF:18
BRH:0
end_of_record
